<?xml version="1.0" encoding="UTF-8"?>
<testng-results ignored="1" total="2" passed="1" failed="0" skipped="0">
  <reporter-output>
  </reporter-output>
  <suite started-at="2024-01-13T12:31:23Z" name="Default suite" finished-at="2024-01-13T12:31:32Z" duration-ms="9627">
    <groups>
    </groups>
    <test started-at="2024-01-13T12:31:23Z" name="Default test" finished-at="2024-01-13T12:31:32Z" duration-ms="9627">
      <class name="com.engexcellence.qa.testcases.LoginPageTest">
        <test-method is-config="true" signature="setup()[pri:0, instance:com.engexcellence.qa.testcases.LoginPageTest@327bcebd]" started-at="2024-01-13T12:31:23Z" name="setup" finished-at="2024-01-13T12:31:32Z" duration-ms="8843" status="PASS">
          <reporter-output>
          </reporter-output>
        </test-method> <!-- setup -->
        <test-method signature="signInPageTitleTest()[pri:1, instance:com.engexcellence.qa.testcases.LoginPageTest@327bcebd]" started-at="2024-01-13T12:31:32Z" name="signInPageTitleTest" finished-at="2024-01-13T12:31:32Z" duration-ms="18" status="PASS">
          <reporter-output>
          </reporter-output>
        </test-method> <!-- signInPageTitleTest -->
        <test-method is-config="true" signature="tearDown()[pri:0, instance:com.engexcellence.qa.testcases.LoginPageTest@327bcebd]" started-at="2024-01-13T12:31:32Z" name="tearDown" finished-at="2024-01-13T12:31:32Z" duration-ms="569" status="PASS">
          <reporter-output>
          </reporter-output>
        </test-method> <!-- tearDown -->
      </class> <!-- com.engexcellence.qa.testcases.LoginPageTest -->
    </test> <!-- Default test -->
  </suite> <!-- Default suite -->
</testng-results>
