<?xml version="1.0" encoding="UTF-8"?>
<!-- Generated by org.testng.reporters.JUnitXMLReporter -->
<testsuite ignored="1" hostname="IN-PG02P5P2" failures="0" tests="1" name="Default test" time="9.627" errors="0" timestamp="13 Jan 2024 12:31:33 GMT">
  <testcase classname="com.engexcellence.qa.testcases.LoginPageTest" name="signInPageTitleTest" time="0.018"/>
  <testcase classname="com.engexcellence.qa.testcases.LoginPageTest" name="gmailLoginTest" time="0.0">
    <ignored/>
  </testcase> <!-- gmailLoginTest -->
</testsuite> <!-- Default test -->
